[    00000] Intiling cgrupsuys cus
    0.000]Initalin cgrou ssy cpu
  0.0000] nialzing cro ssys cpac
    0000 Linux vrsn 4.0-12-gerc (bil@l01-a6405 (gcc rsn 5.0 010609 (Ubnt5.40-6ubuntu1~16.04.9) ) #146-Ubuntu SMP Mon Apr 23 15:34:04 UTC 2018 (Ubuntu 4.4.0-122.146-generic 4.4.117)
[    0.000000] Command line: BOOT_IMAGE=/boot/vmlinuz-4.4.0-122-generic root=LABEL=cloudimg-rootfs ro console=tty1 console=ttyS0
[    0.000000] KERNEL supported cpus:
[    0.000000]   Intel GenuineIntel
[    0.000000]   AMD AuthenticAMD
[    0.000000]   Centaur CentaurHauls
[    0.000000] x86/fpu: xstate_offset[2]:  576, xstate_sizes[2]:  256
[    0.000000] x86/fpu: Supporting XSAVE feature 0x01: 'x87 floating point registers'
[    0.000000] x86/fpu: Supporting XSAVE feature 0x02: 'SSE registers'
[    0.000000] x86/fpu: Supporting XSAVE feature 0x04: 'AVX registers'
[    0.000000] x86/fpu: Enabled xstate features 0x7, context size is 832 bytes, using 'standard' format.
[    0.000000] x86/fpu: Using 'lazy' FPU context switches.
[    0.000000] e820: BIOS-provided physical RAM map:
[    0.000000] BIOS-e820: [mem 0x0000000000000000-0x000000000009fbff] usable
[    0.000000] BIOS-e820: [mem 0x000000000009fc00-0x000000000009ffff] reserved
[    0.000000] BIOS-e820: [mem 0x00000000000f0000-0x00000000000fffff] reserved
[    0.000000] BIOS-e820: [mem 0x0000000000100000-0x000000003ffeffff] usable
[    0.000000] BIOS-e820: [mem 0x000000003fff0000-0x000000003fffffff] ACPI data
[    0.000000] BIOS-e820: [mem 0x00000000fec00000-0x00000000fec00fff] reserved
[    0.000000] BIOS-e820: [mem 0x00000000fee00000-0x00000000fee00fff] reserved
[    0.000000] BIOS-e820: [mem 0x00000000fffc0000-0x00000000ffffffff] reserved
[    0.000000] NX (Execute Disable) protection: active
[    0.000000] SMBIOS 2.5 present.
[    0.000000] Hypervisor detected: KVM
[    0.000000] e820: last_pfn = 0x3fff0 max_arch_pfn = 0x400000000
[    0.000000] MTRR: Disabled
[    0.000000] x86/PAT: MTRRs disabled, skipping PAT initialization too.
[    0.000000] CPU MTRRs all blank - virtualized system.
[    0.000000] x86/PAT: Configuration [0-7]: WB  WT  UC- UC  WB  WT  UC- UC  
[    0.000000] found SMP MP-table at [mem 0x0009fff0-0x0009ffff] mapped at [ffff88000009fff0]
[    0.000000] Scanning 1 areas for low memory corruption
[    0.000000] RAMDISK: [mem 0x36ad6000-0x37562fff]
[    0.000000] ACPI: Early table checksum verification disabled
[    0.000000] ACPI: RSDP 0x00000000000E0000 000024 (v02 VBOX  )
[    0.000000] ACPI: XSDT 0x000000003FFF0030 00003C (v01 VBOX   VBOXXSDT 00000001 ASL  00000061)
[    0.000000] ACPI: FACP 0x000000003FFF00F0 0000F4 (v04 VBOX   VBOXFACP 00000001 ASL  00000061)
[    0.000000] ACPI: DSDT 0x000000003FFF0470 0021FF (v02 VBOX   VBOXBIOS 00000002 INTL 20160108)
[    0.000000] ACPI: FACS 0x000000003FFF0200 000040
[    0.000000] ACPI: FACS 0x000000003FFF0200 000040
[    0.000000] ACPI: APIC 0x000000003FFF0240 00005C (v02 VBOX   VBOXAPIC 00000001 ASL  00000061)
[    0.000000] ACPI: SSDT 0x000000003FFF02A0 0001CC (v01 VBOX   VBOXCPUT 00000002 INTL 20160108)
[    0.000000] No NUMA configurtin un
[    00000] Fakig  ne at [m 0000000000000000-0x000000003ffeffff]
[    0.000000] NODE_DATA(0) allocated [mem 0x3ffeb000-0x3ffeffff]
[    0.000000] kvm-clock: Using msrs 4b564d01 and 4b564d00
[    0.000000] kvm-clock: cpu 0, msr 0:3ffe3001, primary cpu clock
[    0.000000] kvm-clock: using sched offset of2795490 cycles
[    0.000000] clocksource: kvm-clock: mask: 0xffffffffffffffff max_cycles: 0x1cd42e4dffb, max_idle_ns: 881590591483 ns
[    0.000000] Zone ranges:
[    0.000000]   DMA     me 0x00000000100-000000000fff]
[    0000]   DMA32   [em0x000000000000-0x000000003ffeffff]
[    0.000000]   Normal   empty
[    0.000000]   Device   empty
[    0.000000 Mvabl ze tart for each node
[    0.000000] Early memory node ranges
[    0.000000]   node   0: [mem 0x0000000000001000-0x000000000009efff]
[    0.000000]   node   0: [mem 0x0000000000100000-0x000000003ffeffff]
[    0.000000] Initmem setup node 0 [mem 0x0000000000001000-0x000000003ffeff
[   0.0000] ACPI: PMimer IO or 04008
   000000] IAPC[: ap_i 2 veron2, are 0fec000GSI 23[    0000] AI:NTSRC_R us0 us_iq glob_i 2 d d)
[   0000000] ACPI: INT_SRC_OVR (bus 0 bus_irq 9 global_irq 9 low level)
[    0.000000] Using ACPI (MADT) for SMP configuration information
[    0.000000] smpboot: Allowing 2 CPUs, 0 hotplug CPUs
[    0.000000] PM: Registered nosave memory: [mem 0x00000000-0x00000fff]
[    0.000000] PM: Registered nosave memory: [mem 0x0009f000-0x0009ffff]
[    0.000000] PM: Registered nosave memory: [mem 0x000a0000-0x000effff]
[    0.000000] PM: Registered nosave memory: [mem 0x000f0000-0x000fffff]
[    0.000000] e820: [mem 0x40000000-0xfebfffff] available for PCI devices
[    0.000000] Booting ravirtualized kernel on KVM
[    0.000000] clocksource: refined-jiffies: mask: 0xffffffff max_cycles: 0xffffffff, max_idle_ns: 7645519600211568 ns
[    0.000000] setup_percpu: NR_CPUS:512 nr_cpumask_bits:512 nr_cpu_ids:2 nr_node_ids:1
[    0.000000] PERCPU: Embedded 34 pages/cpu @ffff88003fc00000 s99544 r8192 d31528 u1048576
[    0.000000] PV qspinlock hash table entries: 256 (order: 0, 4096 bytes)
[    0.000000] Built 1 zonelists in Node order, mobility grouping on.  Total pages: 257912
[    0.000000] Policy zone: DMA332
[    0.000000] Kernel command line: BOOT_IMAGE=/boot/vmlinuz-4.4.0-122-generic root=LABEL=cloudimg-rootfs ro console=tty1 console=ttyS0
[    0.000000] PID hash table entries: 4096 (order: 3, 32768 bytes)
[    0.000000] Memory: 1001720K/1048120K available (8532K kernel code, 1313K rwdata,99 rdata, 50 iit, 31K s,46400Krervd, 0K a-served
[    0.0000] SLUB: Waig=64, Ordr=-3 MnObjes= CPUs=2,ods=1   0.00000Kenel/User pe bles ilaon: enled[    0000] Hrahial RU mpementaon
[    0.00000 	uildti ajustme o lea fou to 4.[    0.000000] 	RCU restricting CPUs from NR_CPS=512 to nr_cpu_ids=2.
[    0.000000] RCU: Adjusting geometry for rcu_fanout_leaf=64, nr_cpu_ids=2
[    0.000000] NR_IRQS:33024 nr_irqs:440 16
[    0.000000] Console: colour VGA+ 80x25
[    0.000000] console [tty1] enabled
[    0.000000] console [ttyS0] enle
[    0.000000] tsc: Detected 2807.950 MHz processor
[    4.353904] Calibrating delay loop (skipped) preset value.. 5615.90 BogoMIPS (lpj=11231800)
[    4.355109] pid_max: default: 32768 minimum: 301
[    4.355725] ACPI: Core revision 20150930
[    4.357112] ACPI: 2 ACPI AML tables successfully acquired and loaded
[    4.358028] Security Framework initialized
[    4.358591] Yama: becoming mindful.
[    4.359108] AppArmor: AppArmor initialized
[    4.384428] Dentry cache hash table entries: 131072 (order: 8, 1048576 bytes)
[    4.532129] Inode-cache hash table entries: 65536 (order: 7, 524288 bytes)
[    4.694899] Mount-cache hash table entries: 2048 (order: 2, 16384 bytes)
[    4.720636] Mountpoint-cache hash table entries: 2048 (order: 2, 16384 bytes)
[    4.721700] Initializing cgroup subsys io
[    4.722415] Initializing cgroup subsys memory
[    4.723066] Initializing cgroup subsys devices
[    4.723727] Initializing cgroup subsys freezer
[    4.724455] Initializing cgroup subsys net_cls
[    4.725115] Initializing cgroup subsys perf_event
[    4.725800] Initializing cgroup subsys net_prio
[    4.726468] Initializing cgroup subsys hugetlb
[    4.727161] Initializing cgroup subsys pids
[    4.728002] CPU: Physical Processor ID: 0
[    4.728719] CPU: Processor Core ID: 0
[    4.729464] FEATURE SPEC_CTRL Not Present
[    4.730979] mce: CPU supports 0 MCE banks
[    4.731802] Last level iTLB entries: 4KB 64, 2MB 8, 4MB 8
[    4.732635] Last level dTLB entries: 4KB 64, 2MB 0, 4MB 0, 1GB 4
[    4.733462] Spectre V2 mitigation: Mitigation: Full generic retpoline
[    4.734361] Spectre V2 mitigation: Speculation control IBPB not-supported IBRS not-supported
[    4.735422] Spectre V2 mitigation: Filling RSB on context switch
[    4.738248] Freeing SMP alternatives memory: 32K
[    4.745428] ftrace: allocating 32202 entries in 126 pages
[    4.795701] smpboot: APIC(0) Converting physical 0 to logical package 0
[    4.801885] smpboot: Max logical packages: 1
[    4.808629] x2apic enabled
[    4.809253] Switched APIC routing to physical x2apic.
[    4.810787] ..TIMER: vector=0x30 apic1=0 pin1=2 apic2=-1 pin2=-1
[    4.916447] smpboot: CPU0: Intel(R) Core(TM) i7-7700HQ CPU @ 2.80GHz (family: 0x6, model: 0x9e, stepping: 0x9)
[    4.919385] Performance Events: unsupported p6 CPU model 158 no PMU driver, software events only.
[    4.920839] KVM setup paravirtual spinlock
[    4.921958] x86: Booting SMP configuration:
[    4.922565] .... node  #0, CPUs:      #1
[    4.923234] kvm-clock: cpu 1, msr 0:3ffe3041, secondary cpu clock
[    4.924767] mce: CPU supports 0 MCE banks
[    4.927097] x86: Booted up 1 node, 2 CPUs
[    4.927936] smpboot: Total of 2 processors activated (11231.80 BogoMIPS)
[    4.930267] devtmpfs: initialized
[    4.931819] evm: security.selinux
[    4.932556] evm: security.SMACK64
[    4.933072] evm: security.SMACK64EXEC
[    4.933618] evm: security.SMACK64TRANSMUTE
[    4.934239] evm: security.SMACK64MMAP
[    4.934824] evm: security.ima
[    4.935336] evm: security.capability
[    4.936107] clocksource: jiffies: mask: 0xffffffff max_cycles: 0xffffffff, max_idle_ns: 7645041785100000 ns
[    4.937503] futex hash table entries: 512 (order: 3, 32768 bytes)
[    4.938434] pinctrl core: initialized pinctrl subsystem
[    4.939227] RTC time: 17:49:21, date: 05/05/18
[    4.940024] NET: Registered protocol family 16
[    4.952149] cpuidle: using governor ladder
[    4.964419] cpuidle: using governor menu
[    5.046274] PCCT header not found.
[    5.131529] ACPI: bus type PCI registered
[    5.211618] acpiphp: ACPI Hot Plug PCI Controller Driver version: 0.5
[    5.217819] PCI: Using configuration type 1 for base access
[    5.273403] ACPI: Added _OSI(Module Device)
[    5.282258] ACPI: Added _OSI(Processor Device)
[    5.282951] ACPI: Added _OSI(3.0 _SCP Extensions)
[    5.283590] ACPI: Added _OSI(Processor Aggregator Device)
[    5.284898] ACPI: Executed 1 blocks of module-level executable AML code
[    5.326304] ACPI: Interpreter enabled
[    5.339390] ACPI: (supports S0 S5)
[    5.339924] ACPI: Using IOAPIC for interrupt routing
[    5.340757] PCI: Using host bridge windows from ACPI; if necessary, use "pci=nocrs" and report a bug
[    5.344800] ACPI: PCI Root Bridge [PCI0] (domain 0000 [bus 00-ff])
[    5.534015] acpi PNP0A03:00: _OSC: OS supports [ASPM ClockPM Segments MSI]
[    5.553884] acpi PNP0A03:00: _OSC: not requesting OS control; OS requires [ExtendedConfig ASPM ClockPM MSI]
[    5.555211] acpi PNP0A03:00: fail to add MMCONFIG information, can't access extended PCI configuration space under this bridge.
[    5.556917] PCI host bridge to bus 0000:00
[    5.572583] pci_bus 0000:00: root bus resource [io  0x0000-0x0cf7 window]
[    5.574401] pci_bus 0000:00: root bus resource [io  0x0d00-0xffff window]
[    5.576002] pci_bus 0000:00: root bus resource [mem 0x000a0000-0x000bffff window]
[    5.577336] pci_bus 0000:00: root bus resource [mem 0x40000000-0xfdffffff window]
[    5.579440] pci_bus 0000:00: root bus resource [bus 00-ff]
[    5.581410] pci 0000:00:01.1: legacy IDE quirk: reg 0x10: [io  0x01f0-0x01f7]
[    5.589241] pci 0000:00:01.1: legacy IDE quirk: reg 0x14: [io  0x03f6]
[    5.598147] pci 0000:00:01.1: legacy IDE quirk: reg 0x18: [io  0x0170-0x0177]
[    5.600127] pci 0000:00:01.1: legacy IDE quirk: reg 0x1c: [io  0x0376]
[    5.612729] pci 0000:00:07.0: quirk: [io  0x4000-0x403f] claimed by PIIX4 ACPI
[    5.621166] pci 0000:00:07.0: quirk: [io  0x4100-0x410f] claimed by PIIX4 SMB
[    5.628297] ACPI: PCI Interrupt Link [LNKA] (IRQs 5 9 10 *11)
[    5.656895] ACPI: PCI Interrupt Link [LNKB] (IRQs 5 9 *10 11)
[    5.669726] ACPI: PCI Interrupt Link [LNKC] (IRQs 5 *9 10 11)
[    5.715354] ACPI: PCI Interrupt Link [LNKD] (IRQs 5 9 10 *11)
[    5.725317] ACPI: Enabled 2 GPEs in block 00 to 07
[    5.726412] vgaarb: setting as boot device: PCI:0000:00:02.0
[    5.727148] vgaarb: device added: PCI:0000:00:02.0,decodes=io+mem,owns=io+mem,locks=none
[    5.728341] vgaarb: loaded
[    5.732582] vgaarb: bridge control possible 0000:00:02.0
[    5.737244] SCSI subsystem initialized
[    5.739017] ACPI: bus type USB registered
[    5.739615] usbcore: registered new interface driver usbfs
[    5.740350] usbcore: registered new interface driver hub
[    5.741125] usbcore: registered new device driver usb
[    5.742476] PCI: Using ACPI for IRQ routing
[    5.817051] NetLabel: Initializing
[    5.908838] NetLabel:  domain hash size = 128
[    6.011831] NetLabel:  protocols = UNLABELED CIPSOv4
[    6.100064] NetLabel:  unlabeled traffic allowed by default
[    6.101045] amd_nb: Cannot enumerate AMD northbridges
[    6.101804] clocksource: Switched to clocksource kvm-clock
[    6.108112] AppArmor: AppArmor Filesystem Enabled
[  6290]pn: P PIni
[  6662]pnp: PnP ACPI: found 3 devices
[    6.857331] clocksource: acpi_pm: mask: 0xffffff max_cycles: 0xffffff, max_idle_ns: 2085701024 ns
  7.38] T:egted otcol family 2
[    7.769443] TCP established hash table entries: 8192 (order: 4, 65536 bytes)
[  8490]CPinha tleenie 82 rd: 5, 131072 bytes)
  8.94] P:Ha tle cfire(eabsh 82 nd19
  9.81] P hash table entries: 512 (order: 2, 16384 bytes)
[  9592]UDLi hh blenie 5 (de 2164 yt)
[   10.682507] NET: Registered protocol family 1
[   10.916946] pci 0000:00:00.0: Limiting direct PCI/PCI transfers
[   10.989800] pci 0000:00:01.0: Activating ISA DMA hang workarounds
[   10.990676] Unpacking initramfs...
[   12.407869] Freeing initrd memory: 10804K
[   12.520662] platform rtc_cmos: registered platform RTC device (no PNP device found)
[   12.680058] Scanning for low memory corruption eery 60 son
[   12.804249] audit: initializing netlink subsys (disabled)
[   13.068377] audit: type=2000 audit(1525542568.206:1): initialized
[   13.069409] Initialise system trusted keyring
[   13.070285] HugeTLB registered 2 MB page size, pre-allocated 0 pages
[   13.072107] zbud: loaded
[   13.073031] VFS: Disk quotas dquot_6.6.0
[   13.073619] VFS: Dquot-cache hash table entries: 512 (order 0, 4096 bytes)
[   13.074827] squashfs: version 4.0 (2009/01/31) Phillip Lougher
[   13.229025] fuse init (API version 7.23)
[   13.237094] Key type big_key registered
[   13.237743] Allocating IMA MOK and blacklist keyrings.
[   13.239717] Key type asymmetric registered
[   13.244055] Asymmetric key parser 'x509' registered
[   13.244882] Block layer SCSI generic (bsg) driver version 0.4 loaded (major 249)
[   13.246184] io scheduler noop registered
[   13.246839] io scheduler deadline registered (default)
[   13.247636] io scheduler cfq registered
[   13.248423] pci_hotplug: PCI Hot Plug PCI Core version: 0.5
[   13.249255] pciehp: PCI Express Hot Plug Controller Driver version: 0.4
[   13.250344] ACPI: AC Adapter [AC] (on-line)
[   13.257338] input: Power Button as /devices/LNXSYSTM:00/LNXPWRBN:00/input/input0
[   13.269293] ACPI: Power Button [PWRF]
[   13.301348] input: Sleep Button as /devices/LNXSYSTM:00/LNXSLPBN:00/input/input1
[   13.318881] ACPI: Sleep Button [SLPF]
[   13.320181] ACPI: Battery Slot [BAT0] (battery present)
[   13.323846] GHES: HEST is not enabled!
[   13.324611] Serial: 8250/16550 driver, 32 ports, IRQ sharing enabled
[   13.518098] tsc: Refined TSC clocksource calibration: 2808.280 MHz
[   13.518100] clocksource: tsc: mask: 0xffffffffffffffff max_cycles: 0x287acebf0d6, max_idle_ns: 440795285775 ns
[   13.731897] 00:02: ttyS0 at I/O 0x3f8 (irq = 4, base_baud = 115200) is a 16550A
[   13.769704] Linux agpgart interface v0.103
[   33.771690] loop: module loaded
[   13.838931] scsi host0: ata_piix
[   14.008572] scsi host1: ata_piix
[   14.028675] ata1: PATA max UDMA/33 cmd 0x1f0 ctl 0x3f6 bmdma 0xd000 irq 14
[   14.029691] ata2: PATA max UDMA/33 cmd 0x170 ctl 0x376 bmdma 0xd008 irq 15
[   14.030728] libphy: Fixed MDIO Bus: probed
[   14.031453] tun: Universal TUN/TAP device driver, 1.6
[   14.032261] tun: (C) 1999-2004 Max Krasnyansky <maxk@qualcomm.com>
[   14.033860] PPP generic driver version 2.4.2
[   14.035137] ehci_hcd: USB 2.0 'Enhanced' Host Controller (EHCI) Driver
[   14.036613] ehci-pci: EHCI PCI platform driver
[   14.037368] ehci-platform: EHCI generic platform driver
[   14.038163] ohci_hcd: USB 1.1 'Open' Host Controller (OHCI) Driver
[   14.039024] ohci-pci: OHCI PCI platform driver
[   14.039667] ohci-platform: OHCI generic platform driver
[   14.040387] uhci_hcd: USB Universal Host Controller Interface driver
[   14.041333] i8042: PNP: PS/2 Controller [PNP0303:PS2K,PNP0f03:PS2M] at 0x60,0x64 irq 1,12
[   14.469090] serio: i8042 KBD port at 0x60,0x64 irq 1
[   14.718739] serio: i8042 AUX port at 0x60,0x64 irq 12
[   15.008669] mousedev: PS/2 mouse device common for all mice
[   15.009820] rtc_cmos rtc_cmos: rtc core: registered rtc_cmos as rtc0
[   15.010705] input: AT Translated Set 2 keyboard as /devices/platform/i8042/serio0/input/input2
[   15.012015] rtc_cmos rtc_cmos: alarms up to one day, 114 bytes nvram
[   15.012849] i2c /dev entries driver
[   15.013406] device-mapper: uevent: version 1.0.3
[   15.014134] device-mapper: ioctl: 4.34.0-ioctl (2015-10-28) initialised: dm-devel@redhat.com
[   15.015278] ledtrig-cpu: registered to indicate activity on CPUs
[   15.016535] NET: Registered protocol family 10
[   15.017288] NET: Registered protocol family 17
[   15.017915] Key type dns_resolver registered
[   15.018746] registered taskstats version 1
[   15.019351] Loading compiled-in X.509 certificates
[   15.020522] Loaded X.509 cert 'Build time autogenerated kernel key: eb3f78ccfd14bc84ef58e051a28e8b7731c2f6e2'
[   15.021797] zswap: loaded using pool lzo/zbud
[   15.024061] Key type trusted registered
[   15.027165] Key type encrypted registered
[   15.027748] AppArmor: AppArmor sha1 policy hashing enabled
[   15.028545] ima: No TPM chip found, activating TPM-bypass!
[   15.029270] evm: HMAC attrs: 0x1
[   15.030088]   Magic number: 2:958:844
[   15.030718] rtc_cmos rtc_cmos: setting system clock to 2018-05-05 17:49:31 UTC (1525542571)
[   15.031953] BIOS EDD facility v0.16 2004-Jun-25, 0 devices found
[   15.032759] EDD information not available.
[   15.049871] Freeing unused kernel memory: 1508K
[   15.268589] Write protecting the kernel read-only data: 14336k
[   15.271458] Freeing unused kernel memory: 1696K
[   15.288916] Freeing unused kernel memory: 100K
Loading, please wait...
[   15.329627] random: systemd-udevd: uninitialized urandom read (16 bytes read, 3 bits of entropy available)
starting version 229
[   15.330170] random: udevadm: uninitialized urandom read (16 bytes read, 3 bits of entropy available)
[   15.330187] random: udevadm: uninitialized urandom read (16 bytes read, 3 bits of entropy available)
[   15.336185] random: udevadm: uninitialized urandom read (16 bytes read, 3 bits of entropy available)
[   15.336217] random: udevadm: uninitialized urandom read (16 bytes read, 3 bits of entropy available)
[   15.336315] random: udevadm: uninitialized urandom read (16 bytes read, 3 bits of entropy available)
[   15.336351] random: udevadm: uninitialized urandom read (16 bytes read, 3 bits of entropy available)
[   15.336385] random: udevadm: uninitialized urandom read (16 bytes read, 3 bits of entropy available)
[   15.336453] random: udevadm: uninitialized urandom read (16 bytes read, 3 bits of entropy available)
[   15.336502] random: udevadm: uninitialized urandom read (16 bytes read, 3 bits of entropy available)
[   15.914685] e1000: Intel(R) PRO/1000 Network Driver - version 7.3.21-k8-NAPI
[   16.268897] e1000: Copyright (c) 1999-2006 Intel Corporation.
[   16.274135] Fusion MPT base driver 3.04.20
[   16.588387] Copyright (c) 1999-2008 LSI Corporation
[   16.972595] Fusion MPT SPI Host driver 3.04.20
[   17.339176] input: ImExPS/2 Generic Explorer Mouse as /devices/platform/i8042/serio1/input/input4
[   17.463632] AVX2 version of gcm_enc/dec engaged.
[   17.556211] AES CTR mode by8 optimization enabled
[   17.764557] e1000 0000:00:03.0 eth0: (PCI:33MHz:32-bit) 02:d4:20:7b:c2:aa
[   17.960414] e1000 0000:00:03.0 eth0: Intel(R) PRO/1000 Network Connection
[   17.987178] mptbase: ioc0: Initiating bringup
[   18.058573] ioc0: LSI53C1030 A0: Capabilities={Initiator}
[   19.123198] scsi host2: ioc0: LSI53C1030 A0, FwRev=00000000h, Ports=1, MaxQ=256, IRQ=20
[   19.662590] scsi 2:0:0:0: Direct-Access     VBOX     HARDDISK         1.0  PQ: 0 ANSI: 5
[   19.908968] scsi target2:0:0: Beginning Domain Validation
[   19.910639] scsi target2:0:0: Domain Validation skipping write tests
[   19.911518] scsi target2:0:0: Ending Domain Validation
[   19.912230] scsi target2:0:0: asynchronous
[   19.913198] scsi 2:0:1:0: Direct-Access     VBOX     HARDDISK         1.0  PQ: 0 ANSI: 5
[   19.921874] scsi target2:0:1: Beginning Domain Validation
[   19.923215] scsi target2:0:1: Domain Validation skipping write tests
[   19.924095] scsi target2:0:1: Ending Domain Validation
[   19.933828] scsi target2:0:1: asynchronous
[   19.986356] sd 2:0:0:0: [sda] 20971520 512-byte logical blocks: (10.7 GB/10.0 GiB)
[   20.077340] sd 2:0:0:0: Attached scsi generic sg0 type 0
[   20.091611] sd 2:0:1:0: [sdb] 20480 512-byte logical blocks: (10.5 MB/10.0 MiB)
[   20.107069] sd 2:0:1:0: Attached scsi generic sg1 type 0
[   20.108270] sd 2:0:1:0: [sdb] Write Protect is off
[   20.110257] sd 2:0:0:0: [sda] Write Protect is off
[   20.111174] sd 2:0:1:0: [sdb] Incomplete mode parameter data
[   20.112023] sd 2:0:1:0: [sdb] Assuming drive cache: write through
[   20.112993] sd 2:0:0:0: [sda] Incomplete mode parameter data
[   20.113920] sd 2:0:0:0: [sda] Assuming drive cache: write through
[   20.176209]  sda: sda1
[   20.185200] sd 2:0:1:0: [sdb] Attached SCSI disk
[   20.191153] sd 2:0:0:0: [sda] Attached SCSI disk
[   20.233224] e1000 0000:00:08.0 eth1: (PCI:33MHz:32-bit) 08:00:27:c4:c2:cc
[   20.378733] e1000 0000:00:08.0 eth1: Intel(R) PRO/1000 Network Connection
[   20.380238] e1000 0000:00:08.0 enp0s8: renamed from eth1
[   20.390647] e1000 0000:00:03.0 enp0s3: renamed from eth0
Begin: Loading e[   21.928870] md: linear personality registered for level -1
ssential drivers[   22.360662] md: multipath personality registered for level -4
 ... [   22.537346] md: raid0 personality registered for level 0
[   22.715202] md: raid1 personality registered for level 1
[   23.088133] raid6: sse2x1   gen() 13253 MB/s
[   23.382077] raid6: sse2x1   xor()  8123 MB/s
[   23.715519] raid6: sse2x2   gen() 16111 MB/s
[   23.813849] raid6: sse2x2   xor() 10312 MB/s
[   24.090099] raid6: sse2x4   gen() 16198 MB/s
[   24.409978] raid6: sse2x4   xor() 10083 MB/s
[   24.488180] raid6: avx2x1   gen() 25003 MB/s
[   24.814719] raid6: avx2x2   gen() 27689 MB/s
[   25.142255] raid6: avx2x4   gen() 28153 MB/s
[   25.278661] raid6: using algorithm avx2x4 gen() 28153 MB/s
[   25.460962] raid6: using avx2x2 recovery algorithm
[   25.469950] xor: automatically using best checksumming function:
[   25.525855]    avx       : 37487.000 MB/sec
[   25.640045] async_tx: api initialized (async)
[   25.647500] md: raid6 personality registered for level 6
[   25.803732] md: raid5 personality registered for level 5
[   25.962991] md: raid4 personality registered for level 4
[   26.129789] md: raid10 personality registered for level 10
done.
Begin: Running /scripts/init-p[   26.321016] Btrfs loaded
remount ... done.
Begin: Mounting root file system ... Begin: Running /scripts/local-top ... done.
Begin: Running /scripts/local-premount ... Scanning for Btrfs filesystems
done.
Warning: fsck not present, so sk[   26.523429] EXT4-fs (sda1): mounted filesystem with ordered data mode. Opts: (null)
ipping root file system
done.
Begin: Running /scripts/local-bottom ... done.
Begin: Running /scripts/init-bottom ... done.
[   27.127550] systemd[1]: systemd 229 running in system mode. (+PAM +AUDIT +SELINUX +IMA +APPARMOR +SMACK +SYSVINIT +UTMP +LIBCRYPTSETUP +GCRYPT +GNUTLS +ACL +XZ -LZ4 +SECCOMP +BLKID +ELFUTILS +KMOD -IDN)
[   27.144478] systemd[1]: Detected virtualization oracle.
[  2.1736] systemd[1] Dtete achecre864.

Welcome to [1mUbuntu 16.04.4 LTS[0m!

[   27.598508] systemd[1]: Set hostname to <ubntu>
[   27.675587] systemd[1]: Initializing machine ID from random generator.
[   27.760061] systemd[1]: Installed transient /etc/machine-id file.
[   27.767599] random: nonblocking pool is initialized
[   28.525260] systemd[1]: Listening on udev Control Socket.
[[0;32m  OK  [0m] Listening on udev Control Socket.
[   28.654091] systemd[1]: Listening on Journal Audit Socket.
[[0;32m  OK  [0m] Listening on Journal Audit Socket.
[   28.860420] systemd[1]: Listening on LVM2 poll daemon socket.
[[0;32m  OK  [0m] Listening on LVM2 poll daemon socket.
[   28.862066] systemd[1]: Listening on udev Kernel Socket.
[[0;32m  OK  [0m] Listening on udev Kernel Socket.
[   28.863530] systemd[1]: Listening on Journal Socket (/dev/log).
[[0;32m  OK  [0m] Listening on Journal Socket (/dev/log).
[   28.865129] systemd[1]: Listening on LVM2 metadata daemon socket.
[[0;32m  OK  [0m] Listening on LVM2 metadata daemon socket.
[   28.882181] systemd[1]: Listening on Syslog Socket.
[[0;32m  OK  [0m] Listening on Syslog Socket.
[   29.082316] systemd[1]: Set up automount Arbitrary Executable File Formats File System Automount Point.
[[0;32m  OK  [0m] Set up automount Arbitrary Executab...ats File System Automount Point.
[   29.162640] systemd[1]: Reached target Encrypted Volumes.
[[0;32m  OK  [0m] Reached target Encrypted Volumes.
[   29.302372] systemd[1]: Created slice User and Session Slice.
[[0;32m  OK  [0m] Created slice User and Session Slice.
[   29.311635] systemd[1]: Reached target System Time Synchronized.
[[0;32m  OK  [0m] Reached target System Time Synchronized.
[   29.314063] systemd[1]: Started Trigger resolvconf update for networkd DNS.
[[0;32m  OK  [0m] Started Trigger resolvconf update for networkd DNS.
[   29.316701] systemd[1]: Reached target User and Group Name Lookups.
[[0;32m  OK  [0m] Reached target User and Group Name Lookups.
[   29.442436] systemd[1]: Started Forward Password Requests to Wall Directory Watch.
[[0;32m  OK  [0m] Started Forward Password Requests to Wall Directory Watch.
[   29.730272] systemd[1]: Listening on /dev/initctl Compatibility Named Pipe.
[[0;32m  OK  [0m] Listening on /dev/initctl Compatibility Named Pipe.
[   29.732331] systemd[1]: Listening on Journal Socket.
[[0;32m  OK  [0m] Listening on Journal Socket.
[   29.734025] systemd[1]: Reached target Swap.
[[0;32m  OK  [0m] Reached target Swap.
[   29.738403] systemd[1]: Created slice System Slice.
[[0;32m  OK  [0m] Created slice System Slice.
[   29.938175] systemd[1]: Mounting Debug File System...
         Mounting Debug File System...
[   30.132039] systemd[1]: Reached target Slices.
[[0;32m  OK  [0m] Reached target Slices.
[   30.158005] systemd[1]: Starting Uncomplicated firewall...
         Starting Uncomplicated firewall...
[   30.167581] systemd[1]: Starting Set console keymap...
         Starting Set console keymap...
[   30.169619] systemd[1]: Starting Nameserver information manager...
         Starting Nameserver information manager...
[   30.171807] systemd[1]: Starting Journal Service...
         Starting Journal Service...
[   30.174700] systemd[1]: Mounting POSIX Message Queue File System...
         Mounting POSIX Message Queue File System...
[   30.177900] systemd[1]: Starting Remount Root and Kernel File Systems...
         Starting Remount Root and Kernel File Systems...
[   30.179892] systemd[1]: Created slice system-serial\x2dgetty.slice.
[[0;32m  OK  [0[   30.344303] EXT4-fs (sda1): re-mounted. Opts: (null)
m] Created slice system-serial\x2dgetty.slice.
[   30.750215] systemd[1]: Starting Load Kernel Modules...
         Starting Load Kernel Modules...
[   30.779338] systemd[1]: Listening on Device-mapper event daemon FIFOs.
[[0;32m  OK  [0m] Listening on Device-mapper event daemon FIFOs.
[   30.792526] systemd[1]: Starting Monitoring of LVM2 mirrors, snapshots etc. using dmeventd or progress polling...
         Starting Monitoring of LVM2 mirrors... dmeventd or progress polling...
[   31.026552] systemd[1]: Starting Create list of required static device nodes for the current kernel...
         Starting Create list of required st... nodes for the current kernel...
[   31.081190] systemd[1]: Mounting Huge Pages File System...
         Mounting Huge Pages File System...
[   31.089585] systemd[1]: Mounted Huge Pages File System.
[[0;32m  OK  [0m] Mounted Huge Pages File System.
[   31.092366] systemd[1]: Mounted Debug File System.
[[0;32m  OK  [[   31.117526] Loading iSCSI transport class v2.0-870.
0m] Mounted Debug File System.
[   31.250055] systemd[1]: Mounted POSIX Message Queue File System.
[[0;32m  OK  [0m] Mounted POSIX Message Queue File System.
[   31.271461] systemd[1]: Started Journal Service.
[[0;32m  OK  [0m] Started Journal [   31.282224] iscsi: registered transport (tcp)
Service.
[[0;32m  OK  [0m] Started Uncomplicated firewall.
[[0;32m  OK  [0m] Started Set console keymap.
[[0;32m  OK  [0m] Started Remount Root and Kernel File Systems.
[[0;32m  OK  [0m] Started Create list of required sta...ce nodes f[   31.395727] iscsi: registered transport (iser)
or the current kernel.
[[0;32m  OK  [0m] Started Load Kernel Modules.
[[0;32m  OK  [0m] Started Nameserver information manager.
[[0;32m  OK  [0m] Started LVM2 metadata daemon.
         Mounting FUSE Control File System...
         Starting Apply Kernel Variables...
         Starting Create Static Device Nodes in /dev...
         Starting Load/Save Random Seed...
         Starting udev Coldplug all Devices...
         Starting Initial cloud-init job (pre-networking)...
         Starting Flush Journal to Persistent Storage...
[[0;32m  OK  [0m] Mounted FUSE Control File System.
[[0;32m  OK  [0m] Started Apply Kernel Variables.
[[0;32m  OK  [0m] Started Create Static Device Nodes in /dev.
[[0;32m  OK  [0m] Started Load/Save Random Seed.
         Starting udev Kernel Device Manager...
[[0;32m  OK  [0m] Started udev Coldplug all Devices.
[[0;32m  OK  [0m] Started Flush Journal to Persistent Storage.
[[0;32m  OK  [0m] Started Monitoring of LVM2 mirrors,...ng dmeventd or progress polling.
[[0;32m  OK  [0m] Started udev Kernel Device Manager.
[[0;32m  OK  [0m] Reached target Local File Systems (Pre).
[[0;32m  OK  [0m] Reached target Local File Systems.
         Starting Create Volatile Files and Directories...
         Starting Set console font and keymap...
         Starting LSB: AppArmor initialization...
         Starting Commit a transient machine-id on disk...
         Starting Tell Plymouth To Write Out Runtime Data...
[[0;32m  OK  [0m] Started Dispatch Password Requests to Console Directory Watch.
[[0;32m  OK  [0m] Found device /dev/ttyS0.
[[0;32m  OK  [0m] Started Commit a transient machine-id on disk.
[[0;32m  OK  [0m] Started Tell Plymouth To Write Out Runtime Data.
[[0;32m  OK  [0m] Started Create Volatile Files and Directories.
         Starting Update UTMP about System Boot/Shutdown...
[[0;32m  OK  [0m] Started Update UTMP about System Boot/Shutdown.
[[0;32m  OK  [0m] Listening on Load/Save RF Kill Switch Status /dev/rfkill Watch.
[[0;32m  OK  [0m] Started Set console font and keymap.
[[0;32m  OK  [0m] Created slice system-getty.slice.
[[0;32m  OK  [0m] Started LSB: AppArmor initialization.
[   30.122206] cloud-init[439]: Cloud-init v. 18.2 running 'init-local' at Sat, 05 May 2018 17:49:51 +0000. Up 29.62 seconds.
[[0;32m  OK  [0m] Started Initial cloud-init job (pre-networking).
[[0;32m  OK  [0m] Reached target Network (Pre).
         Starting Raise network interfaces...
[[0;32m  OK  [0m] Started Raise network interfaces.
[[0;32m  OK  [0m] Reached target Network.
         Starting Initial cloud-init job (metadata service crawler)...
[   32.341923] cloud-init[932]: Cloud-init v. 18.2 running 'init' at Sat, 05 May 2018 17:49:53 +0000. Up 30.79 seconds.
[[0;32m  OK  [0m] Started Initial cloud-init job (metadata service crawler).
[   32.467122] cloud-init[932]: ci-info: ++++++++++++++++++++++++++++++++++++++Net device info++++++++++++++++++++++++++++++++++++++
[   32.550825] [cloud-init[0;32m  OK  [0m[932]: ] ci-info: +--------+-------+----------------------------+---------------+-------+-------------------+Reached target System Initialization.

[[0;32m  OK  [0m] Listening on ACPID Listen Socket.
[   32.552572] cloud-init[932]: ci-info: | Device |   Up  |          Address           |      Mask     | Scope |     Hw-Address    |
[   32.614338] cloud-init[932]: ci-info: +--------+-------+----------------------------+---------------+-------+-------------------+
[   32.623472] cloud-init[932]: ci-info: | enp0s3 |  True |         10.0.2.15          | 255.255.255.0 |   .   | 02:d4:20:7b:c2:aa |
[   32.626966] cloud-init[932]: ci-info: | enp0s3 |  True | fe80::d4:20ff:fe7b:c2aa/64 |       .       |  link | 02:d4:20:7b:c2:aa |
[   32.635154] cloud-init[932]: ci-info: | enp0s8 | False |             .              |       .       |   .   | 08:00:27:c4:c2:cc |
[   32.636731] cloud-init[932]: ci-info: |   lo   |  True |         127.0.0.1          |   255.0.0.0   |   .   |         .         |
[   32.638315] cloud-init[932]: ci-info: |   lo   |  True |          ::1/128           |       .       |  host |         .         |
         Starting LXD - unix socket.
[   32.639880] cloud-init[932]: ci-info: +--------+-------+----------------------------+---------------+-------+-------------------+
[   32.646205] cloud-init[932]: ci-info: +++++++++++++++++++++++++++Route IPv4 info++++++++++++++++++++++++++++
[   32.677071] cloud-init[932]: ci-info: +-------+-------------+----------+---------------+-----------+-------+
[   32.748610] cloud-init[932]: ci-info: | Route | Destination | Gateway  |    Genmask    | Interface | Flags |
[   32.748949] cloud-init[932]: ci-info: +-------+-------------+----------+---------------+-----------+-------+
[   32.749416] cloud-init[932]: ci-info: |   0   |   0.0.0.0   | 10.0.2.2 |    0.0.0.0    |   enp0s3  |   UG  |
[   32.749626] cloud-init[932]: ci-info: |   1   |   10.0.2.0  | 0.0.0.0  | 255.255.255.0 |   enp0s3  |   U   |
[   32.749865] cloud-init[932]: ci-info: +-------+-------------+----------+---------------+-----------+-------+
[   32.750070] cloud-init[932]: Generating public/private rsa key pair.
[   32.750276] cloud-init[932]: Your identification has been saved in /etc/ssh/ssh_host_rsa_key.
[   32.750465] cloud-init[932]: Your public key has been saved in /etc/ssh/ssh_host_rsa_key.pub.
[   32.750658] cloud-init[932]: The key fingerprint is:
[   32.750861] cloud-init[932]: SHA256:MKT5QCFxeQp0S2RUwLdfUNZ3p0aJtmCrIZ3Cjo2I7zs root@ubuntu-xenial
[   32.751107] cloud-init[932]: The key's randomart image is:
[   32.751313] cloud-init[932]: +---[RSA 2048]----+
[   32.751554] cloud-init[932]: | .+=@=o  .o. . . |
[   32.751759] cloud-init[932]: |  .Bo=o ..o + + o|
[   32.751963] cloud-init[932]: |   .==oo + + + o.|
[[0;32m  OK  [0m] Started ACPI Events Check.
[[0;32m  OK  [0m] Reached target Paths.
[[0;32m  OK  [0m] Listening on UUID daemon activation socket.
[   32.752560] cloud-init[932]: |    .o=o+ o . o  |
[   32.957334] cloud-init[932]: | . . =.+S+   .   |
[   32.958206] cloud-init[932]: |. . o o o        |
         Starting Socket activation for snappy daemon.
[[   32.959052] cloud-init[932]: | .               |
[   32.968270] cloud-init[932]: |  E              |
[0;32m  OK  [0m] Started Daily Cleanup of Temporary Directories.
[[   32.968505] cloud-init[932]: | .oo             |
[   33.090254] cloud-init[932]: +----[SHA256]-----+
[0;32m  OK  [0m] Listening on D-Bus System Message Bus Socket.
[   33.090521] cloud-init[932]: Generating public/private dsa key pair.
[   33.209950] cloud-init[932]: Your identification has been saved in /etc/ssh/ssh_host_dsa_key.
[[0;32m  OK  [0m] Started Daily apt download activities.
[[   33.210404] cloud-init[932]: Your public key has been saved in /etc/ssh/ssh_host_dsa_key.pub.
[   33.354254] cloud-init[932]: The key fingerprint is:
[0;32m  OK  [0m] Started Daily apt upgrade and clean activities.
[   33.354513] cloud-init[932]: SHA256:pvwvLheKbfMHEzv0NPm/XkcErwVnTbGsl4Q6tVvHw5c root@ubuntu-xenial
[   33.462506] cloud-init[932]: The key's randomart image is:
[   33.463396] cloud-init[932]: +---[DSA 1024]----+
[   33.463772] cloud-init[932]: [[0;32m  OK  [0m] Reached target Timers.|              oo*|

[   33.564307] cloud-init[932]: |              o*o|
[   33.564589] cloud-init[932]: |           . o ++|
[[0;32m  OK  [0m] Reached target Cloud-config availability.
[[   33.564745] cloud-init[932]: |        o + o ==o|
[   33.671711] cloud-init[932]: |       .S= = o.E=|
[   33.671901] cloud-init[932]: |     . o* . o +.+|
[   33.672327] cloud-init[932]: |     oo. =   o  o|
[   33.672569] cloud-init[932]: |    . *.o .   ...|
[   33.672701] cloud-init[932]: |     . *++.  .o. |
[   33.672833] cloud-init[932]: +----[SHA256]-----+
[   33.672962] cloud-init[932]: Generating public/private ecdsa key pair.
[   33.673095] cloud-init[932]: Your identification has been saved in /etc/ssh/ssh_host_ecdsa_key.
[   33.673225] cloud-init[932]: Your public key has been saved in /etc/ssh/ssh_host_ecdsa_key.pub.
[   33.673355] cloud-init[932]: The key fingerprint is:
[   33.673494] cloud-init[932]: SHA256:HQHV0xcAjdXXZYdwb5KVbuJXNhmPxmhQUBaErCiOCWQ root@ubuntu-xenial
[   33.673617] cloud-init[932]: The key's randomart image is:
[   33.673746] cloud-init[932]: +---[ECDSA 256]---+
[   33.673876] cloud-init[932]: |        .++O%*+oX|
[   33.674004] cloud-init[932]: | E        ++oooO=|
[   33.674135] cloud-init[932]: |o      . ... ++oB|
[   33.674273] cloud-init[932]: |.   . . .. .o.+B+|
[   33.674401] cloud-init[932]: | . + .  S ....o.o|
[   33.674536] cloud-init[932]: |  o .        . . |
[   33.674807] cloud-init[932]: |              .  |
[   33.675071] cloud-init[932]: |                 |
[   33.675204] cloud-init[932]: |                 |
[   33.675334] cloud-init[932]: +----[SHA256]-----+
[   33.675464] cloud-init[932]: Generating public/private ed25519 key pair.
[   33.675596] cloud-init[932]: Your identification has been saved in /etc/ssh/ssh_host_ed25519_key.
[   33.675725] cloud-init[932]: Your public key has been saved in /etc/ssh/ssh_host_ed25519_key.pub.
[   33.675855] cloud-init[932]: The key fingerprint is:
[   33.676008] cloud-init[932]: SHA256:F45qb3l/pTmUgHQNdiz2Xr8giDu0WcNnkG+8IxCSKzU root@ubuntu-xenial
[   33.676298] cloud-init[932]: The key's randomart image is:
[   33.676583] cloud-init[932]: +--[ED25519 256]--+
[0;32m  OK  [0m] Reached target Network is Online.
[   33.676721] cloud-init[932]: |            o+.  |
[   33.760884] cloud-init[932]: |          ..+.o  |
[   33.762615] cloud-init[932]: |      .  .o+ o   |
[   33.763867] cloud-init[932]: |     E . =... . .|
[   33.765134] cloud-init[932]: |    . + S B  o o.|
[   33.766369] cloud-init[932]: |   . . = * B .+ o|
[   33.767614] cloud-init[932]: |    . + *.= o..+.|
[   33.768890] cloud-init[932]: |     . *o..o  =. |
[   33.770123] cloud-init[932]: |       .o...o. . |
[   33.771344] cloud-init[932]: +----[SHA256]-----+
         Starting iSCSI initiator daemon (iscsid)...
[[0;32m  OK  [0m] Listening on LXD - unix socket.
[[0;32m  OK  [0m] Listening on Socket activation for snappy daemon.
[[0;32m  OK  [0m] Reached target Sockets.
[[0;32m  OK  [0m] Reached target Basic System.
[[0;32m  OK  [0m] Started Regular background program processing daemon.
[[0;32m  OK  [0m] Started Deferred execution scheduler.
[[0;32m  OK  [0m] Started FUSE filesystem for LXC.
         Starting Accounts Service...
         Starting System Logging Service...
[[0;32m  OK  [0m] Started ACPI event daemon.
         Starting Snappy daemon...
         Starting Virtualbox guest utils...
         Starting Pollinate to seed the pseudo random number generator...
         Starting Login Service...
[[0;32m  OK  [0m] Started Unattended Upgrades Shutdown.
         Starting LSB: MD monitoring daemon...
         Starting /etc/rc.local Compatibility...
[[0;32m  OK  [0m] Started D-Bus System Message Bus.
         Starting Apply the settings specified in cloud-config...
         Starting LSB: Record successful boot for GRUB...
         Starting LXD - container startup/shutdown...
[[0;32m  OK  [0m] Started System Logging Service.
[[0;32m  OK  [0m] Started /etc/rc.local Compatibility.
[[0;32m  OK  [0m] Started Login Service.
[[0;32m  OK  [0m] Started iSCSI initiator daemon (iscsid).
         Starting Login to default iSCSI targets...
         Starting Authenticate and Authorize Users to Run Privileged Tasks...
[[0;32m  OK  [0m] Started LSB: Record successful boot for GRUB.
[[0;32m  OK  [0m] Started LSB: MD monitoring daemon.
[[0;32m  OK  [0m] Started Login to default iSCSI targets.
[[0;32m  OK  [0m] Reached target Remote File Systems (Pre).
[[   35.461409] cloud-init[1091]: Generating locales (this might take a while)...
[0;32m  OK  [0m] Reached target Remote File Systems.
         Starting LSB: Set the CPU Frequency Scaling governor to "ondemand"...
         Starting Permit User Sessions...
         Starting LSB: automatic crash report generation...
         Starting LSB: daemon to balance interrupts for SMP systems...
[[0;32m  OK  [0m] Started Permit User Sessions.
[[0;32m  OK  [0m] Started Authenticate and Authorize Users to Run Privileged Tasks.
[[0;32m  OK  [0m] Started Virtualbox guest utils.
[[0;32m  OK  [0m] Started Accounts Service.
[[0;32m  OK  [0m] Started LSB: Set the CPU Frequency Scaling governor to "ondemand".
         Starting Terminate Plymouth Boot Screen...
         Starting Hold until boot process finishes up...
[[0;32m  OK  [0m] Started Terminate Plymouth Boot Screen.
[[0;32m  OK  [0m] Started Hold until boot process finishes up.
[[0;32m  OK  [0m] Started LSB: daemon to balance interrupts for SMP systems.
         Starting Set console scheme...
[[0;32m  OK  [0m] Started Serial Getty on ttyS0.
[[0;32m  OK  [0m] Started Getty on tty1.
[[0;32m  OK  [0m] Reached target Login Prompts.
[[0;32m  OK  [0m] Started LSB: automatic crash report generation.
[[0;32m  OK  [0m] Started Set console scheme.
[[0;32m  OK  [0m] Started Snappy daemon.
[[0;32m  OK  [0m] Started LXD - container startup/shutdown.
[   37.052812] cloud-init[1091]:   en_US.UTF-8... done
[   37.065827] cloud-init[1091]: Generation complete.
[[0;32m  OK  [0m] Started Pollinate to seed the pseudo random number generator.
         Starting OpenBSD Secure Shell server...
[[0;32m  OK  [0m] Started OpenBSD Secure Shell server.
[[0;32m  OK  [0m] Reached target Multi-User System.
[[0;32m  OK  [0m] Reached target Graphical Interface.
         Starting Update UTMP about System Runlevel Changes...
[[0;32m  OK  [0m] Started Update UTMP about System Runlevel Changes.
[[0;32m  OK  [0m] Created slice User Slice of vagrant.
         Starting User Manager for UID 1000...
[[0;32m  OK  [0m] Started Session 1 of user vagrant.
[[0;32m  OK  [0m] Started User Manager for UID 1000.
[   38.663178] cloud-init[1091]: Cloud-init v. 18.2 running 'modules:config' at Sat, 05 May 2018 17:49:57 +0000. Up 35.00 seconds.
[[0;32m  OK  [0m] Started Apply the settings specified in cloud-config.
         Starting Execute cloud user/final scripts...
ci-info: no authorized ssh keys fingerprints found for user ubuntu.
<14>May  5 17:50:01 ec2: 
<14>May  5 17:50:01 ec2: #############################################################
<14>May  5 17:50:01 ec2: -----BEGIN SSH HOST KEY FINGERPRINTS-----
<14>May  5 17:50:01 ec2: 1024 SHA256:pvwvLheKbfMHEzv0NPm/XkcErwVnTbGsl4Q6tVvHw5c root@ubuntu-xenial (DSA)
<14>May  5 17:50:01 ec2: 256 SHA256:HQHV0xcAjdXXZYdwb5KVbuJXNhmPxmhQUBaErCiOCWQ root@ubuntu-xenial (ECDSA)
<14>May  5 17:50:01 ec2: 256 SHA256:F45qb3l/pTmUgHQNdiz2Xr8giDu0WcNnkG+8IxCSKzU root@ubuntu-xenial (ED25519)
<14>May  5 17:50:01 ec2: 2048 SHA256:MKT5QCFxeQp0S2RUwLdfUNZ3p0aJtmCrIZ3Cjo2I7zs root@ubuntu-xenial (RSA)
<14>May  5 17:50:01 ec2: -----END SSH HOST KEY FINGERPRINTS-----
<14>May  5 17:50:01 ec2: #############################################################
-----BEGIN SSH HOST KEY KEYS-----
ecdsa-sha2-nistp256 AAAAE2VjZHNhLXNoYTItbmlzdHAyNTYAAAAIbmlzdHAyNTYAAABBBJY94xXWbYP9R416BtejoJxndPh5PnfShmpMMNuZvfObwhRNsPOHvkFVki/hgg7D011I18eItUjAMAdUH6Gr/Nc= root@ubuntu-xenial
ssh-ed25519 AAAAC3NzaC1lZDI1NTE5AAAAIOpXIHd1YXOyzIOq4VhUibaNqvvBYLHWTn8R+IU9972v root@ubuntu-xenial
ssh-rsa AAAAB3NzaC1yc2EAAAADAQABAAABAQDSF92qDlEl0RfePpBT555wCyQumNaxxuYK+npZuiqKkH2SX3i22uZU/8vCN7i2c/p4IkscSNtclGPeb5vjGfeHcEBA+UG5psc9pmqtRE36dAP1Lv8orJxD9JFRmubeqiXK5kvczeP1nAfl4sUo9c+So9brM8dhoMiXDPmw5Vwp2+EgPmEAcK90lYOloTb973pgIvd//u+AzHXcgYnbl6bIjnEEJlP6f4BlN21Q41sXvTfPTw7Zgx0UzEu1hMkuLqTM40VdnCy71rhS5zthZftW4E9St67DX7IaGs0icXeSxXOEELoF5CBDDwEeftmUdMqQy5FXw5D57ev9VF+nynnJ root@ubuntu-xenial
-----END SSH HOST KEY KEYS-----
[   39.322803] cloud-init[1313]: Cloud-init v. 18.2 running 'modules:final' at Sat, 05 May 2018 17:50:01 +0000. Up 38.89 seconds.
[   39.436283] cloud-init[1313]: ci-info: no authorized ssh keys fingerprints found for user ubuntu.
[   39.436488] cloud-init[1313]: Cloud-init v. 18.2 finished at Sat, 05 May 2018 17:50:01 +0000. Datasource DataSourceNoCloud [seed=/dev/sdb][dsmode=net].  Up 39.31 seconds
[[0;32m  OK  [0m] Started Execute cloud user/final scripts.
[[0;32m  OK  [0m] Reached target Cloud-init target.

Ubuntu 16.04.4 LTS ubuntu-xenial ttyS0

ubuntu-xenial login: 